[2021-01-09 09:01:27] local.ERROR: SQLSTATE[HY000] [1045] Access denied for user 'root'@'localhost' (using password: NO) (SQL: select `id`, `pro_name`, `pro_slug`, `pro_sale`, `pro_avatar`, `pro_pay`, `pro_price`, `pro_number`, `pro_review_total`, `pro_review_star` from `products` where (`pro_active` = 1 and `pro_hot` = 1) order by `id` desc limit 5) {"exception":"[object] (Illuminate\\Database\\QueryException(code: 1045): SQLSTATE[HY000] [1045] Access denied for user 'root'@'localhost' (using password: NO) (SQL: select `id`, `pro_name`, `pro_slug`, `pro_sale`, `pro_avatar`, `pro_pay`, `pro_price`, `pro_number`, `pro_review_total`, `pro_review_star` from `products` where (`pro_active` = 1 and `pro_hot` = 1) order by `id` desc limit 5) at /Users/trungphuna/Documents/work/web/khodoan/2020/laravel_thucpham/vendor/laravel/framework/src/Illuminate/Database/Connection.php:669)
[stacktrace]
#0 /Users/trungphuna/Documents/work/web/khodoan/2020/laravel_thucpham/vendor/laravel/framework/src/Illuminate/Database/Connection.php(629): Illuminate\\Database\\Connection->runQueryCallback('select `id`, `p...', Array, Object(Closure))
#1 /Users/trungphuna/Documents/work/web/khodoan/2020/laravel_thucpham/vendor/laravel/framework/src/Illuminate/Database/Connection.php(338): Illuminate\\Database\\Connection->run('select `id`, `p...', Array, Object(Closure))
#2 /Users/trungphuna/Documents/work/web/khodoan/2020/laravel_thucpham/vendor/laravel/framework/src/Illuminate/Database/Query/Builder.php(2132): Illuminate\\Database\\Connection->select('select `id`, `p...', Array, true)
#3 /Users/trungphuna/Documents/work/web/khodoan/2020/laravel_thucpham/vendor/laravel/framework/src/Illuminate/Database/Query/Builder.php(2120): Illuminate\\Database\\Query\\Builder->runSelect()
#4 /Users/trungphuna/Documents/work/web/khodoan/2020/laravel_thucpham/vendor/laravel/framework/src/Illuminate/Database/Query/Builder.php(2586): Illuminate\\Database\\Query\\Builder->Illuminate\\Database\\Query\\{closure}()
#5 /Users/trungphuna/Documents/work/web/khodoan/2020/laravel_thucpham/vendor/laravel/framework/src/Illuminate/Database/Query/Builder.php(2121): Illuminate\\Database\\Query\\Builder->onceWithColumns(Array, Object(Closure))
#6 /Users/trungphuna/Documents/work/web/khodoan/2020/laravel_thucpham/vendor/laravel/framework/src/Illuminate/Database/Eloquent/Builder.php(537): Illuminate\\Database\\Query\\Builder->get(Array)
#7 /Users/trungphuna/Documents/work/web/khodoan/2020/laravel_thucpham/vendor/laravel/framework/src/Illuminate/Database/Eloquent/Builder.php(521): Illuminate\\Database\\Eloquent\\Builder->getModels(Array)
#8 /Users/trungphuna/Documents/work/web/khodoan/2020/laravel_thucpham/app/Http/Controllers/Frontend/HomeController.php(28): Illuminate\\Database\\Eloquent\\Builder->get()
#9 /Users/trungphuna/Documents/work/web/khodoan/2020/laravel_thucpham/vendor/laravel/framework/src/Illuminate/Cache/Repository.php(383): App\\Http\\Controllers\\Frontend\\HomeController->App\\Http\\Controllers\\Frontend\\{closure}()
#10 /Users/trungphuna/Documents/work/web/khodoan/2020/laravel_thucpham/vendor/laravel/framework/src/Illuminate/Cache/CacheManager.php(378): Illuminate\\Cache\\Repository->remember('HOME.PRODUCT_HO...', 43200, Object(Closure))
#11 /Users/trungphuna/Documents/work/web/khodoan/2020/laravel_thucpham/vendor/laravel/framework/src/Illuminate/Support/Facades/Facade.php(261): Illuminate\\Cache\\CacheManager->__call('remember', Array)
#12 /Users/trungphuna/Documents/work/web/khodoan/2020/laravel_thucpham/app/Http/Controllers/Frontend/HomeController.php(29): Illuminate\\Support\\Facades\\Facade::__callStatic('remember', Array)
#13 [internal function]: App\\Http\\Controllers\\Frontend\\HomeController->index()
#14 /Users/trungphuna/Documents/work/web/khodoan/2020/laravel_thucpham/vendor/laravel/framework/src/Illuminate/Routing/Controller.php(54): call_user_func_array(Array, Array)
#15 /Users/trungphuna/Documents/work/web/khodoan/2020/laravel_thucpham/vendor/laravel/framework/src/Illuminate/Routing/ControllerDispatcher.php(45): Illuminate\\Routing\\Controller->callAction('index', Array)
#16 /Users/trungphuna/Documents/work/web/khodoan/2020/laravel_thucpham/vendor/laravel/framework/src/Illuminate/Routing/Route.php(219): Illuminate\\Routing\\ControllerDispatcher->dispatch(Object(Illuminate\\Routing\\Route), Object(App\\Http\\Controllers\\Frontend\\HomeController), 'index')
#17 /Users/trungphuna/Documents/work/web/khodoan/2020/laravel_thucpham/vendor/laravel/framework/src/Illuminate/Routing/Route.php(176): Illuminate\\Routing\\Route->runController()
#18 /Users/trungphuna/Documents/work/web/khodoan/2020/laravel_thucpham/vendor/laravel/framework/src/Illuminate/Routing/Router.php(681): Illuminate\\Routing\\Route->run()
#19 /Users/trungphuna/Documents/work/web/khodoan/2020/laravel_thucpham/vendor/laravel/framework/src/Illuminate/Pipeline/Pipeline.php(130): Illuminate\\Routing\\Router->Illuminate\\Routing\\{closure}(Object(Illuminate\\Http\\Request))
#20 /Users/trungphuna/Documents/work/web/khodoan/2020/laravel_thucpham/app/Http/Middleware/SetLocaleMiddleware.php(15): Illuminate\\Pipeline\\Pipeline->Illuminate\\Pipeline\\{closure}(Object(Illuminate\\Http\\Request))
#21 /Users/trungphuna/Documents/work/web/khodoan/2020/laravel_thucpham/vendor/laravel/framework/src/Illuminate/Pipeline/Pipeline.php(171): App\\Http\\Middleware\\SetLocaleMiddleware->handle(Object(Illuminate\\Http\\Request), Object(Closure))
#22 /Users/trungphuna/Documents/work/web/khodoan/2020/laravel_thucpham/vendor/laravel/framework/src/Illuminate/Routing/Middleware/SubstituteBindings.php(41): Illuminate\\Pipeline\\Pipeline->Illuminate\\Pipeline\\{closure}(Object(Illuminate\\Http\\Request))
#23 /Users/trungphuna/Documents/work/web/khodoan/2020/laravel_thucpham/vendor/laravel/framework/src/Illuminate/Pipeline/Pipeline.php(171): Illuminate\\Routing\\Middleware\\SubstituteBindings->handle(Object(Illuminate\\Http\\Request), Object(Closure))
#24 /Users/trungphuna/Documents/work/web/khodoan/2020/laravel_thucpham/vendor/laravel/framework/src/Illuminate/Foundation/Http/Middleware/VerifyCsrfToken.php(76): Illuminate\\Pipeline\\Pipeline->Illuminate\\Pipeline\\{closure}(Object(Illuminate\\Http\\Request))
#25 /Users/trungphuna/Documents/work/web/khodoan/2020/laravel_thucpham/vendor/laravel/framework/src/Illuminate/Pipeline/Pipeline.php(171): Illuminate\\Foundation\\Http\\Middleware\\VerifyCsrfToken->handle(Object(Illuminate\\Http\\Request), Object(Closure))
#26 /Users/trungphuna/Documents/work/web/khodoan/2020/laravel_thucpham/vendor/laravel/framework/src/Illuminate/View/Middleware/ShareErrorsFromSession.php(49): Illuminate\\Pipeline\\Pipeline->Illuminate\\Pipeline\\{closure}(Object(Illuminate\\Http\\Request))
#27 /Users/trungphuna/Documents/work/web/khodoan/2020/laravel_thucpham/vendor/laravel/framework/src/Illuminate/Pipeline/Pipeline.php(171): Illuminate\\View\\Middleware\\ShareErrorsFromSession->handle(Object(Illuminate\\Http\\Request), Object(Closure))
#28 /Users/trungphuna/Documents/work/web/khodoan/2020/laravel_thucpham/vendor/laravel/framework/src/Illuminate/Session/Middleware/StartSession.php(56): Illuminate\\Pipeline\\Pipeline->Illuminate\\Pipeline\\{closure}(Object(Illuminate\\Http\\Request))
#29 /Users/trungphuna/Documents/work/web/khodoan/2020/laravel_thucpham/vendor/laravel/framework/src/Illuminate/Pipeline/Pipeline.php(171): Illuminate\\Session\\Middleware\\StartSession->handle(Object(Illuminate\\Http\\Request), Object(Closure))
#30 /Users/trungphuna/Documents/work/web/khodoan/2020/laravel_thucpham/vendor/laravel/framework/src/Illuminate/Cookie/Middleware/AddQueuedCookiesToResponse.php(37): Illuminate\\Pipeline\\Pipeline->Illuminate\\Pipeline\\{closure}(Object(Illuminate\\Http\\Request))
#31 /Users/trungphuna/Documents/work/web/khodoan/2020/laravel_thucpham/vendor/laravel/framework/src/Illuminate/Pipeline/Pipeline.php(171): Illuminate\\Cookie\\Middleware\\AddQueuedCookiesToResponse->handle(Object(Illuminate\\Http\\Request), Object(Closure))
#32 /Users/trungphuna/Documents/work/web/khodoan/2020/laravel_thucpham/vendor/laravel/framework/src/Illuminate/Cookie/Middleware/EncryptCookies.php(66): Illuminate\\Pipeline\\Pipeline->Illuminate\\Pipeline\\{closure}(Object(Illuminate\\Http\\Request))
#33 /Users/trungphuna/Documents/work/web/khodoan/2020/laravel_thucpham/vendor/laravel/framework/src/Illuminate/Pipeline/Pipeline.php(171): Illuminate\\Cookie\\Middleware\\EncryptCookies->handle(Object(Illuminate\\Http\\Request), Object(Closure))
#34 /Users/trungphuna/Documents/work/web/khodoan/2020/laravel_thucpham/vendor/laravel/framework/src/Illuminate/Pipeline/Pipeline.php(105): Illuminate\\Pipeline\\Pipeline->Illuminate\\Pipeline\\{closure}(Object(Illuminate\\Http\\Request))
#35 /Users/trungphuna/Documents/work/web/khodoan/2020/laravel_thucpham/vendor/laravel/framework/src/Illuminate/Routing/Router.php(683): Illuminate\\Pipeline\\Pipeline->then(Object(Closure))
#36 /Users/trungphuna/Documents/work/web/khodoan/2020/laravel_thucpham/vendor/laravel/framework/src/Illuminate/Routing/Router.php(658): Illuminate\\Routing\\Router->runRouteWithinStack(Object(Illuminate\\Routing\\Route), Object(Illuminate\\Http\\Request))
#37 /Users/trungphuna/Documents/work/web/khodoan/2020/laravel_thucpham/vendor/laravel/framework/src/Illuminate/Routing/Router.php(624): Illuminate\\Routing\\Router->runRoute(Object(Illuminate\\Http\\Request), Object(Illuminate\\Routing\\Route))
#38 /Users/trungphuna/Documents/work/web/khodoan/2020/laravel_thucpham/vendor/laravel/framework/src/Illuminate/Routing/Router.php(613): Illuminate\\Routing\\Router->dispatchToRoute(Object(Illuminate\\Http\\Request))
#39 /Users/trungphuna/Documents/work/web/khodoan/2020/laravel_thucpham/vendor/laravel/framework/src/Illuminate/Foundation/Http/Kernel.php(170): Illuminate\\Routing\\Router->dispatch(Object(Illuminate\\Http\\Request))
#40 /Users/trungphuna/Documents/work/web/khodoan/2020/laravel_thucpham/vendor/laravel/framework/src/Illuminate/Pipeline/Pipeline.php(130): Illuminate\\Foundation\\Http\\Kernel->Illuminate\\Foundation\\Http\\{closure}(Object(Illuminate\\Http\\Request))
#41 /Users/trungphuna/Documents/work/web/khodoan/2020/laravel_thucpham/vendor/barryvdh/laravel-debugbar/src/Middleware/InjectDebugbar.php(65): Illuminate\\Pipeline\\Pipeline->Illuminate\\Pipeline\\{closure}(Object(Illuminate\\Http\\Request))
#42 /Users/trungphuna/Documents/work/web/khodoan/2020/laravel_thucpham/vendor/laravel/framework/src/Illuminate/Pipeline/Pipeline.php(171): Barryvdh\\Debugbar\\Middleware\\InjectDebugbar->handle(Object(Illuminate\\Http\\Request), Object(Closure))
#43 /Users/trungphuna/Documents/work/web/khodoan/2020/laravel_thucpham/vendor/renatomarinho/laravel-page-speed/src/Middleware/PageSpeed.php(28): Illuminate\\Pipeline\\Pipeline->Illuminate\\Pipeline\\{closure}(Object(Illuminate\\Http\\Request))
#44 /Users/trungphuna/Documents/work/web/khodoan/2020/laravel_thucpham/vendor/laravel/framework/src/Illuminate/Pipeline/Pipeline.php(171): RenatoMarinho\\LaravelPageSpeed\\Middleware\\PageSpeed->handle(Object(Illuminate\\Http\\Request), Object(Closure))
#45 /Users/trungphuna/Documents/work/web/khodoan/2020/laravel_thucpham/vendor/laravel/framework/src/Illuminate/Foundation/Http/Middleware/TransformsRequest.php(21): Illuminate\\Pipeline\\Pipeline->Illuminate\\Pipeline\\{closure}(Object(Illuminate\\Http\\Request))
#46 /Users/trungphuna/Documents/work/web/khodoan/2020/laravel_thucpham/vendor/laravel/framework/src/Illuminate/Pipeline/Pipeline.php(171): Illuminate\\Foundation\\Http\\Middleware\\TransformsRequest->handle(Object(Illuminate\\Http\\Request), Object(Closure))
#47 /Users/trungphuna/Documents/work/web/khodoan/2020/laravel_thucpham/vendor/laravel/framework/src/Illuminate/Foundation/Http/Middleware/TransformsRequest.php(21): Illuminate\\Pipeline\\Pipeline->Illuminate\\Pipeline\\{closure}(Object(Illuminate\\Http\\Request))
#48 /Users/trungphuna/Documents/work/web/khodoan/2020/laravel_thucpham/vendor/laravel/framework/src/Illuminate/Pipeline/Pipeline.php(171): Illuminate\\Foundation\\Http\\Middleware\\TransformsRequest->handle(Object(Illuminate\\Http\\Request), Object(Closure))
#49 /Users/trungphuna/Documents/work/web/khodoan/2020/laravel_thucpham/vendor/laravel/framework/src/Illuminate/Foundation/Http/Middleware/ValidatePostSize.php(27): Illuminate\\Pipeline\\Pipeline->Illuminate\\Pipeline\\{closure}(Object(Illuminate\\Http\\Request))
#50 /Users/trungphuna/Documents/work/web/khodoan/2020/laravel_thucpham/vendor/laravel/framework/src/Illuminate/Pipeline/Pipeline.php(171): Illuminate\\Foundation\\Http\\Middleware\\ValidatePostSize->handle(Object(Illuminate\\Http\\Request), Object(Closure))
#51 /Users/trungphuna/Documents/work/web/khodoan/2020/laravel_thucpham/vendor/laravel/framework/src/Illuminate/Foundation/Http/Middleware/CheckForMaintenanceMode.php(63): Illuminate\\Pipeline\\Pipeline->Illuminate\\Pipeline\\{closure}(Object(Illuminate\\Http\\Request))
#52 /Users/trungphuna/Documents/work/web/khodoan/2020/laravel_thucpham/vendor/laravel/framework/src/Illuminate/Pipeline/Pipeline.php(171): Illuminate\\Foundation\\Http\\Middleware\\CheckForMaintenanceMode->handle(Object(Illuminate\\Http\\Request), Object(Closure))
#53 /Users/trungphuna/Documents/work/web/khodoan/2020/laravel_thucpham/vendor/fideloper/proxy/src/TrustProxies.php(57): Illuminate\\Pipeline\\Pipeline->Illuminate\\Pipeline\\{closure}(Object(Illuminate\\Http\\Request))
#54 /Users/trungphuna/Documents/work/web/khodoan/2020/laravel_thucpham/vendor/laravel/framework/src/Illuminate/Pipeline/Pipeline.php(171): Fideloper\\Proxy\\TrustProxies->handle(Object(Illuminate\\Http\\Request), Object(Closure))
#55 /Users/trungphuna/Documents/work/web/khodoan/2020/laravel_thucpham/vendor/laravel/framework/src/Illuminate/Pipeline/Pipeline.php(105): Illuminate\\Pipeline\\Pipeline->Illuminate\\Pipeline\\{closure}(Object(Illuminate\\Http\\Request))
#56 /Users/trungphuna/Documents/work/web/khodoan/2020/laravel_thucpham/vendor/laravel/framework/src/Illuminate/Foundation/Http/Kernel.php(145): Illuminate\\Pipeline\\Pipeline->then(Object(Closure))
#57 /Users/trungphuna/Documents/work/web/khodoan/2020/laravel_thucpham/vendor/laravel/framework/src/Illuminate/Foundation/Http/Kernel.php(110): Illuminate\\Foundation\\Http\\Kernel->sendRequestThroughRouter(Object(Illuminate\\Http\\Request))
#58 /Users/trungphuna/Documents/work/web/khodoan/2020/laravel_thucpham/public/index.php(55): Illuminate\\Foundation\\Http\\Kernel->handle(Object(Illuminate\\Http\\Request))
#59 {main}

[previous exception] [object] (PDOException(code: 1045): SQLSTATE[HY000] [1045] Access denied for user 'root'@'localhost' (using password: NO) at /Users/trungphuna/Documents/work/web/khodoan/2020/laravel_thucpham/vendor/laravel/framework/src/Illuminate/Database/Connectors/Connector.php:70)
[stacktrace]
#0 /Users/trungphuna/Documents/work/web/khodoan/2020/laravel_thucpham/vendor/laravel/framework/src/Illuminate/Database/Connectors/Connector.php(70): PDO->__construct('mysql:host=127....', 'root', '', Array)
#1 /Users/trungphuna/Documents/work/web/khodoan/2020/laravel_thucpham/vendor/laravel/framework/src/Illuminate/Database/Connectors/Connector.php(46): Illuminate\\Database\\Connectors\\Connector->createPdoConnection('mysql:host=127....', 'root', '', Array)
#2 /Users/trungphuna/Documents/work/web/khodoan/2020/laravel_thucpham/vendor/laravel/framework/src/Illuminate/Database/Connectors/MySqlConnector.php(24): Illuminate\\Database\\Connectors\\Connector->createConnection('mysql:host=127....', Array, Array)
#3 /Users/trungphuna/Documents/work/web/khodoan/2020/laravel_thucpham/vendor/laravel/framework/src/Illuminate/Database/Connectors/ConnectionFactory.php(182): Illuminate\\Database\\Connectors\\MySqlConnector->connect(Array)
#4 [internal function]: Illuminate\\Database\\Connectors\\ConnectionFactory->Illuminate\\Database\\Connectors\\{closure}()
#5 /Users/trungphuna/Documents/work/web/khodoan/2020/laravel_thucpham/vendor/laravel/framework/src/Illuminate/Database/Connection.php(924): call_user_func(Object(Closure))
#6 /Users/trungphuna/Documents/work/web/khodoan/2020/laravel_thucpham/vendor/laravel/framework/src/Illuminate/Database/Connection.php(959): Illuminate\\Database\\Connection->getPdo()
#7 /Users/trungphuna/Documents/work/web/khodoan/2020/laravel_thucpham/vendor/laravel/framework/src/Illuminate/Database/Connection.php(404): Illuminate\\Database\\Connection->getReadPdo()
#8 /Users/trungphuna/Documents/work/web/khodoan/2020/laravel_thucpham/vendor/laravel/framework/src/Illuminate/Database/Connection.php(330): Illuminate\\Database\\Connection->getPdoForSelect(true)
#9 /Users/trungphuna/Documents/work/web/khodoan/2020/laravel_thucpham/vendor/laravel/framework/src/Illuminate/Database/Connection.php(662): Illuminate\\Database\\Connection->Illuminate\\Database\\{closure}('select `id`, `p...', Array)
#10 /Users/trungphuna/Documents/work/web/khodoan/2020/laravel_thucpham/vendor/laravel/framework/src/Illuminate/Database/Connection.php(629): Illuminate\\Database\\Connection->runQueryCallback('select `id`, `p...', Array, Object(Closure))
#11 /Users/trungphuna/Documents/work/web/khodoan/2020/laravel_thucpham/vendor/laravel/framework/src/Illuminate/Database/Connection.php(338): Illuminate\\Database\\Connection->run('select `id`, `p...', Array, Object(Closure))
#12 /Users/trungphuna/Documents/work/web/khodoan/2020/laravel_thucpham/vendor/laravel/framework/src/Illuminate/Database/Query/Builder.php(2132): Illuminate\\Database\\Connection->select('select `id`, `p...', Array, true)
#13 /Users/trungphuna/Documents/work/web/khodoan/2020/laravel_thucpham/vendor/laravel/framework/src/Illuminate/Database/Query/Builder.php(2120): Illuminate\\Database\\Query\\Builder->runSelect()
#14 /Users/trungphuna/Documents/work/web/khodoan/2020/laravel_thucpham/vendor/laravel/framework/src/Illuminate/Database/Query/Builder.php(2586): Illuminate\\Database\\Query\\Builder->Illuminate\\Database\\Query\\{closure}()
#15 /Users/trungphuna/Documents/work/web/khodoan/2020/laravel_thucpham/vendor/laravel/framework/src/Illuminate/Database/Query/Builder.php(2121): Illuminate\\Database\\Query\\Builder->onceWithColumns(Array, Object(Closure))
#16 /Users/trungphuna/Documents/work/web/khodoan/2020/laravel_thucpham/vendor/laravel/framework/src/Illuminate/Database/Eloquent/Builder.php(537): Illuminate\\Database\\Query\\Builder->get(Array)
#17 /Users/trungphuna/Documents/work/web/khodoan/2020/laravel_thucpham/vendor/laravel/framework/src/Illuminate/Database/Eloquent/Builder.php(521): Illuminate\\Database\\Eloquent\\Builder->getModels(Array)
#18 /Users/trungphuna/Documents/work/web/khodoan/2020/laravel_thucpham/app/Http/Controllers/Frontend/HomeController.php(28): Illuminate\\Database\\Eloquent\\Builder->get()
#19 /Users/trungphuna/Documents/work/web/khodoan/2020/laravel_thucpham/vendor/laravel/framework/src/Illuminate/Cache/Repository.php(383): App\\Http\\Controllers\\Frontend\\HomeController->App\\Http\\Controllers\\Frontend\\{closure}()
#20 /Users/trungphuna/Documents/work/web/khodoan/2020/laravel_thucpham/vendor/laravel/framework/src/Illuminate/Cache/CacheManager.php(378): Illuminate\\Cache\\Repository->remember('HOME.PRODUCT_HO...', 43200, Object(Closure))
#21 /Users/trungphuna/Documents/work/web/khodoan/2020/laravel_thucpham/vendor/laravel/framework/src/Illuminate/Support/Facades/Facade.php(261): Illuminate\\Cache\\CacheManager->__call('remember', Array)
#22 /Users/trungphuna/Documents/work/web/khodoan/2020/laravel_thucpham/app/Http/Controllers/Frontend/HomeController.php(29): Illuminate\\Support\\Facades\\Facade::__callStatic('remember', Array)
#23 [internal function]: App\\Http\\Controllers\\Frontend\\HomeController->index()
#24 /Users/trungphuna/Documents/work/web/khodoan/2020/laravel_thucpham/vendor/laravel/framework/src/Illuminate/Routing/Controller.php(54): call_user_func_array(Array, Array)
#25 /Users/trungphuna/Documents/work/web/khodoan/2020/laravel_thucpham/vendor/laravel/framework/src/Illuminate/Routing/ControllerDispatcher.php(45): Illuminate\\Routing\\Controller->callAction('index', Array)
#26 /Users/trungphuna/Documents/work/web/khodoan/2020/laravel_thucpham/vendor/laravel/framework/src/Illuminate/Routing/Route.php(219): Illuminate\\Routing\\ControllerDispatcher->dispatch(Object(Illuminate\\Routing\\Route), Object(App\\Http\\Controllers\\Frontend\\HomeController), 'index')
#27 /Users/trungphuna/Documents/work/web/khodoan/2020/laravel_thucpham/vendor/laravel/framework/src/Illuminate/Routing/Route.php(176): Illuminate\\Routing\\Route->runController()
#28 /Users/trungphuna/Documents/work/web/khodoan/2020/laravel_thucpham/vendor/laravel/framework/src/Illuminate/Routing/Router.php(681): Illuminate\\Routing\\Route->run()
#29 /Users/trungphuna/Documents/work/web/khodoan/2020/laravel_thucpham/vendor/laravel/framework/src/Illuminate/Pipeline/Pipeline.php(130): Illuminate\\Routing\\Router->Illuminate\\Routing\\{closure}(Object(Illuminate\\Http\\Request))
#30 /Users/trungphuna/Documents/work/web/khodoan/2020/laravel_thucpham/app/Http/Middleware/SetLocaleMiddleware.php(15): Illuminate\\Pipeline\\Pipeline->Illuminate\\Pipeline\\{closure}(Object(Illuminate\\Http\\Request))
#31 /Users/trungphuna/Documents/work/web/khodoan/2020/laravel_thucpham/vendor/laravel/framework/src/Illuminate/Pipeline/Pipeline.php(171): App\\Http\\Middleware\\SetLocaleMiddleware->handle(Object(Illuminate\\Http\\Request), Object(Closure))
#32 /Users/trungphuna/Documents/work/web/khodoan/2020/laravel_thucpham/vendor/laravel/framework/src/Illuminate/Routing/Middleware/SubstituteBindings.php(41): Illuminate\\Pipeline\\Pipeline->Illuminate\\Pipeline\\{closure}(Object(Illuminate\\Http\\Request))
#33 /Users/trungphuna/Documents/work/web/khodoan/2020/laravel_thucpham/vendor/laravel/framework/src/Illuminate/Pipeline/Pipeline.php(171): Illuminate\\Routing\\Middleware\\SubstituteBindings->handle(Object(Illuminate\\Http\\Request), Object(Closure))
#34 /Users/trungphuna/Documents/work/web/khodoan/2020/laravel_thucpham/vendor/laravel/framework/src/Illuminate/Foundation/Http/Middleware/VerifyCsrfToken.php(76): Illuminate\\Pipeline\\Pipeline->Illuminate\\Pipeline\\{closure}(Object(Illuminate\\Http\\Request))
#35 /Users/trungphuna/Documents/work/web/khodoan/2020/laravel_thucpham/vendor/laravel/framework/src/Illuminate/Pipeline/Pipeline.php(171): Illuminate\\Foundation\\Http\\Middleware\\VerifyCsrfToken->handle(Object(Illuminate\\Http\\Request), Object(Closure))
#36 /Users/trungphuna/Documents/work/web/khodoan/2020/laravel_thucpham/vendor/laravel/framework/src/Illuminate/View/Middleware/ShareErrorsFromSession.php(49): Illuminate\\Pipeline\\Pipeline->Illuminate\\Pipeline\\{closure}(Object(Illuminate\\Http\\Request))
#37 /Users/trungphuna/Documents/work/web/khodoan/2020/laravel_thucpham/vendor/laravel/framework/src/Illuminate/Pipeline/Pipeline.php(171): Illuminate\\View\\Middleware\\ShareErrorsFromSession->handle(Object(Illuminate\\Http\\Request), Object(Closure))
#38 /Users/trungphuna/Documents/work/web/khodoan/2020/laravel_thucpham/vendor/laravel/framework/src/Illuminate/Session/Middleware/StartSession.php(56): Illuminate\\Pipeline\\Pipeline->Illuminate\\Pipeline\\{closure}(Object(Illuminate\\Http\\Request))
#39 /Users/trungphuna/Documents/work/web/khodoan/2020/laravel_thucpham/vendor/laravel/framework/src/Illuminate/Pipeline/Pipeline.php(171): Illuminate\\Session\\Middleware\\StartSession->handle(Object(Illuminate\\Http\\Request), Object(Closure))
#40 /Users/trungphuna/Documents/work/web/khodoan/2020/laravel_thucpham/vendor/laravel/framework/src/Illuminate/Cookie/Middleware/AddQueuedCookiesToResponse.php(37): Illuminate\\Pipeline\\Pipeline->Illuminate\\Pipeline\\{closure}(Object(Illuminate\\Http\\Request))
#41 /Users/trungphuna/Documents/work/web/khodoan/2020/laravel_thucpham/vendor/laravel/framework/src/Illuminate/Pipeline/Pipeline.php(171): Illuminate\\Cookie\\Middleware\\AddQueuedCookiesToResponse->handle(Object(Illuminate\\Http\\Request), Object(Closure))
#42 /Users/trungphuna/Documents/work/web/khodoan/2020/laravel_thucpham/vendor/laravel/framework/src/Illuminate/Cookie/Middleware/EncryptCookies.php(66): Illuminate\\Pipeline\\Pipeline->Illuminate\\Pipeline\\{closure}(Object(Illuminate\\Http\\Request))
#43 /Users/trungphuna/Documents/work/web/khodoan/2020/laravel_thucpham/vendor/laravel/framework/src/Illuminate/Pipeline/Pipeline.php(171): Illuminate\\Cookie\\Middleware\\EncryptCookies->handle(Object(Illuminate\\Http\\Request), Object(Closure))
#44 /Users/trungphuna/Documents/work/web/khodoan/2020/laravel_thucpham/vendor/laravel/framework/src/Illuminate/Pipeline/Pipeline.php(105): Illuminate\\Pipeline\\Pipeline->Illuminate\\Pipeline\\{closure}(Object(Illuminate\\Http\\Request))
#45 /Users/trungphuna/Documents/work/web/khodoan/2020/laravel_thucpham/vendor/laravel/framework/src/Illuminate/Routing/Router.php(683): Illuminate\\Pipeline\\Pipeline->then(Object(Closure))
#46 /Users/trungphuna/Documents/work/web/khodoan/2020/laravel_thucpham/vendor/laravel/framework/src/Illuminate/Routing/Router.php(658): Illuminate\\Routing\\Router->runRouteWithinStack(Object(Illuminate\\Routing\\Route), Object(Illuminate\\Http\\Request))
#47 /Users/trungphuna/Documents/work/web/khodoan/2020/laravel_thucpham/vendor/laravel/framework/src/Illuminate/Routing/Router.php(624): Illuminate\\Routing\\Router->runRoute(Object(Illuminate\\Http\\Request), Object(Illuminate\\Routing\\Route))
#48 /Users/trungphuna/Documents/work/web/khodoan/2020/laravel_thucpham/vendor/laravel/framework/src/Illuminate/Routing/Router.php(613): Illuminate\\Routing\\Router->dispatchToRoute(Object(Illuminate\\Http\\Request))
#49 /Users/trungphuna/Documents/work/web/khodoan/2020/laravel_thucpham/vendor/laravel/framework/src/Illuminate/Foundation/Http/Kernel.php(170): Illuminate\\Routing\\Router->dispatch(Object(Illuminate\\Http\\Request))
#50 /Users/trungphuna/Documents/work/web/khodoan/2020/laravel_thucpham/vendor/laravel/framework/src/Illuminate/Pipeline/Pipeline.php(130): Illuminate\\Foundation\\Http\\Kernel->Illuminate\\Foundation\\Http\\{closure}(Object(Illuminate\\Http\\Request))
#51 /Users/trungphuna/Documents/work/web/khodoan/2020/laravel_thucpham/vendor/barryvdh/laravel-debugbar/src/Middleware/InjectDebugbar.php(65): Illuminate\\Pipeline\\Pipeline->Illuminate\\Pipeline\\{closure}(Object(Illuminate\\Http\\Request))
#52 /Users/trungphuna/Documents/work/web/khodoan/2020/laravel_thucpham/vendor/laravel/framework/src/Illuminate/Pipeline/Pipeline.php(171): Barryvdh\\Debugbar\\Middleware\\InjectDebugbar->handle(Object(Illuminate\\Http\\Request), Object(Closure))
#53 /Users/trungphuna/Documents/work/web/khodoan/2020/laravel_thucpham/vendor/renatomarinho/laravel-page-speed/src/Middleware/PageSpeed.php(28): Illuminate\\Pipeline\\Pipeline->Illuminate\\Pipeline\\{closure}(Object(Illuminate\\Http\\Request))
#54 /Users/trungphuna/Documents/work/web/khodoan/2020/laravel_thucpham/vendor/laravel/framework/src/Illuminate/Pipeline/Pipeline.php(171): RenatoMarinho\\LaravelPageSpeed\\Middleware\\PageSpeed->handle(Object(Illuminate\\Http\\Request), Object(Closure))
#55 /Users/trungphuna/Documents/work/web/khodoan/2020/laravel_thucpham/vendor/laravel/framework/src/Illuminate/Foundation/Http/Middleware/TransformsRequest.php(21): Illuminate\\Pipeline\\Pipeline->Illuminate\\Pipeline\\{closure}(Object(Illuminate\\Http\\Request))
#56 /Users/trungphuna/Documents/work/web/khodoan/2020/laravel_thucpham/vendor/laravel/framework/src/Illuminate/Pipeline/Pipeline.php(171): Illuminate\\Foundation\\Http\\Middleware\\TransformsRequest->handle(Object(Illuminate\\Http\\Request), Object(Closure))
#57 /Users/trungphuna/Documents/work/web/khodoan/2020/laravel_thucpham/vendor/laravel/framework/src/Illuminate/Foundation/Http/Middleware/TransformsRequest.php(21): Illuminate\\Pipeline\\Pipeline->Illuminate\\Pipeline\\{closure}(Object(Illuminate\\Http\\Request))
#58 /Users/trungphuna/Documents/work/web/khodoan/2020/laravel_thucpham/vendor/laravel/framework/src/Illuminate/Pipeline/Pipeline.php(171): Illuminate\\Foundation\\Http\\Middleware\\TransformsRequest->handle(Object(Illuminate\\Http\\Request), Object(Closure))
#59 /Users/trungphuna/Documents/work/web/khodoan/2020/laravel_thucpham/vendor/laravel/framework/src/Illuminate/Foundation/Http/Middleware/ValidatePostSize.php(27): Illuminate\\Pipeline\\Pipeline->Illuminate\\Pipeline\\{closure}(Object(Illuminate\\Http\\Request))
#60 /Users/trungphuna/Documents/work/web/khodoan/2020/laravel_thucpham/vendor/laravel/framework/src/Illuminate/Pipeline/Pipeline.php(171): Illuminate\\Foundation\\Http\\Middleware\\ValidatePostSize->handle(Object(Illuminate\\Http\\Request), Object(Closure))
#61 /Users/trungphuna/Documents/work/web/khodoan/2020/laravel_thucpham/vendor/laravel/framework/src/Illuminate/Foundation/Http/Middleware/CheckForMaintenanceMode.php(63): Illuminate\\Pipeline\\Pipeline->Illuminate\\Pipeline\\{closure}(Object(Illuminate\\Http\\Request))
#62 /Users/trungphuna/Documents/work/web/khodoan/2020/laravel_thucpham/vendor/laravel/framework/src/Illuminate/Pipeline/Pipeline.php(171): Illuminate\\Foundation\\Http\\Middleware\\CheckForMaintenanceMode->handle(Object(Illuminate\\Http\\Request), Object(Closure))
#63 /Users/trungphuna/Documents/work/web/khodoan/2020/laravel_thucpham/vendor/fideloper/proxy/src/TrustProxies.php(57): Illuminate\\Pipeline\\Pipeline->Illuminate\\Pipeline\\{closure}(Object(Illuminate\\Http\\Request))
#64 /Users/trungphuna/Documents/work/web/khodoan/2020/laravel_thucpham/vendor/laravel/framework/src/Illuminate/Pipeline/Pipeline.php(171): Fideloper\\Proxy\\TrustProxies->handle(Object(Illuminate\\Http\\Request), Object(Closure))
#65 /Users/trungphuna/Documents/work/web/khodoan/2020/laravel_thucpham/vendor/laravel/framework/src/Illuminate/Pipeline/Pipeline.php(105): Illuminate\\Pipeline\\Pipeline->Illuminate\\Pipeline\\{closure}(Object(Illuminate\\Http\\Request))
#66 /Users/trungphuna/Documents/work/web/khodoan/2020/laravel_thucpham/vendor/laravel/framework/src/Illuminate/Foundation/Http/Kernel.php(145): Illuminate\\Pipeline\\Pipeline->then(Object(Closure))
#67 /Users/trungphuna/Documents/work/web/khodoan/2020/laravel_thucpham/vendor/laravel/framework/src/Illuminate/Foundation/Http/Kernel.php(110): Illuminate\\Foundation\\Http\\Kernel->sendRequestThroughRouter(Object(Illuminate\\Http\\Request))
#68 /Users/trungphuna/Documents/work/web/khodoan/2020/laravel_thucpham/public/index.php(55): Illuminate\\Foundation\\Http\\Kernel->handle(Object(Illuminate\\Http\\Request))
#69 {main}
"} 
[2021-01-09 09:01:27] local.ERROR: file_put_contents(C:\xampp1\htdocs\webthucpham\storage\framework/sessions/xDGBViQ2aOVt6uoXorJdL9MIjliyu4M1Bs6H05A5): failed to open stream: No such file or directory {"exception":"[object] (ErrorException(code: 0): file_put_contents(C:\\xampp1\\htdocs\\webthucpham\\storage\\framework/sessions/xDGBViQ2aOVt6uoXorJdL9MIjliyu4M1Bs6H05A5): failed to open stream: No such file or directory at /Users/trungphuna/Documents/work/web/khodoan/2020/laravel_thucpham/vendor/laravel/framework/src/Illuminate/Filesystem/Filesystem.php:133)
[stacktrace]
#0 [internal function]: Illuminate\\Foundation\\Bootstrap\\HandleExceptions->handleError(2, 'file_put_conten...', '/Users/trungphu...', 133, Array)
#1 /Users/trungphuna/Documents/work/web/khodoan/2020/laravel_thucpham/vendor/laravel/framework/src/Illuminate/Filesystem/Filesystem.php(133): file_put_contents('C:\\\\xampp1\\\\htdoc...', 'a:3:{s:6:\"_toke...', 2)
#2 /Users/trungphuna/Documents/work/web/khodoan/2020/laravel_thucpham/vendor/laravel/framework/src/Illuminate/Session/FileSessionHandler.php(83): Illuminate\\Filesystem\\Filesystem->put('C:\\\\xampp1\\\\htdoc...', 'a:3:{s:6:\"_toke...', true)
#3 /Users/trungphuna/Documents/work/web/khodoan/2020/laravel_thucpham/vendor/laravel/framework/src/Illuminate/Session/Store.php(129): Illuminate\\Session\\FileSessionHandler->write('xDGBViQ2aOVt6uo...', 'a:3:{s:6:\"_toke...')
#4 /Users/trungphuna/Documents/work/web/khodoan/2020/laravel_thucpham/vendor/laravel/framework/src/Illuminate/Session/Middleware/StartSession.php(170): Illuminate\\Session\\Store->save()
#5 /Users/trungphuna/Documents/work/web/khodoan/2020/laravel_thucpham/vendor/laravel/framework/src/Illuminate/Session/Middleware/StartSession.php(65): Illuminate\\Session\\Middleware\\StartSession->saveSession(Object(Illuminate\\Http\\Request))
#6 /Users/trungphuna/Documents/work/web/khodoan/2020/laravel_thucpham/vendor/laravel/framework/src/Illuminate/Pipeline/Pipeline.php(171): Illuminate\\Session\\Middleware\\StartSession->handle(Object(Illuminate\\Http\\Request), Object(Closure))
#7 /Users/trungphuna/Documents/work/web/khodoan/2020/laravel_thucpham/vendor/laravel/framework/src/Illuminate/Cookie/Middleware/AddQueuedCookiesToResponse.php(37): Illuminate\\Pipeline\\Pipeline->Illuminate\\Pipeline\\{closure}(Object(Illuminate\\Http\\Request))
#8 /Users/trungphuna/Documents/work/web/khodoan/2020/laravel_thucpham/vendor/laravel/framework/src/Illuminate/Pipeline/Pipeline.php(171): Illuminate\\Cookie\\Middleware\\AddQueuedCookiesToResponse->handle(Object(Illuminate\\Http\\Request), Object(Closure))
#9 /Users/trungphuna/Documents/work/web/khodoan/2020/laravel_thucpham/vendor/laravel/framework/src/Illuminate/Cookie/Middleware/EncryptCookies.php(66): Illuminate\\Pipeline\\Pipeline->Illuminate\\Pipeline\\{closure}(Object(Illuminate\\Http\\Request))
#10 /Users/trungphuna/Documents/work/web/khodoan/2020/laravel_thucpham/vendor/laravel/framework/src/Illuminate/Pipeline/Pipeline.php(171): Illuminate\\Cookie\\Middleware\\EncryptCookies->handle(Object(Illuminate\\Http\\Request), Object(Closure))
#11 /Users/trungphuna/Documents/work/web/khodoan/2020/laravel_thucpham/vendor/laravel/framework/src/Illuminate/Pipeline/Pipeline.php(105): Illuminate\\Pipeline\\Pipeline->Illuminate\\Pipeline\\{closure}(Object(Illuminate\\Http\\Request))
#12 /Users/trungphuna/Documents/work/web/khodoan/2020/laravel_thucpham/vendor/laravel/framework/src/Illuminate/Routing/Router.php(683): Illuminate\\Pipeline\\Pipeline->then(Object(Closure))
#13 /Users/trungphuna/Documents/work/web/khodoan/2020/laravel_thucpham/vendor/laravel/framework/src/Illuminate/Routing/Router.php(658): Illuminate\\Routing\\Router->runRouteWithinStack(Object(Illuminate\\Routing\\Route), Object(Illuminate\\Http\\Request))
#14 /Users/trungphuna/Documents/work/web/khodoan/2020/laravel_thucpham/vendor/laravel/framework/src/Illuminate/Routing/Router.php(624): Illuminate\\Routing\\Router->runRoute(Object(Illuminate\\Http\\Request), Object(Illuminate\\Routing\\Route))
#15 /Users/trungphuna/Documents/work/web/khodoan/2020/laravel_thucpham/vendor/laravel/framework/src/Illuminate/Routing/Router.php(613): Illuminate\\Routing\\Router->dispatchToRoute(Object(Illuminate\\Http\\Request))
#16 /Users/trungphuna/Documents/work/web/khodoan/2020/laravel_thucpham/vendor/laravel/framework/src/Illuminate/Foundation/Http/Kernel.php(170): Illuminate\\Routing\\Router->dispatch(Object(Illuminate\\Http\\Request))
#17 /Users/trungphuna/Documents/work/web/khodoan/2020/laravel_thucpham/vendor/laravel/framework/src/Illuminate/Pipeline/Pipeline.php(130): Illuminate\\Foundation\\Http\\Kernel->Illuminate\\Foundation\\Http\\{closure}(Object(Illuminate\\Http\\Request))
#18 /Users/trungphuna/Documents/work/web/khodoan/2020/laravel_thucpham/vendor/barryvdh/laravel-debugbar/src/Middleware/InjectDebugbar.php(65): Illuminate\\Pipeline\\Pipeline->Illuminate\\Pipeline\\{closure}(Object(Illuminate\\Http\\Request))
#19 /Users/trungphuna/Documents/work/web/khodoan/2020/laravel_thucpham/vendor/laravel/framework/src/Illuminate/Pipeline/Pipeline.php(171): Barryvdh\\Debugbar\\Middleware\\InjectDebugbar->handle(Object(Illuminate\\Http\\Request), Object(Closure))
#20 /Users/trungphuna/Documents/work/web/khodoan/2020/laravel_thucpham/vendor/renatomarinho/laravel-page-speed/src/Middleware/PageSpeed.php(28): Illuminate\\Pipeline\\Pipeline->Illuminate\\Pipeline\\{closure}(Object(Illuminate\\Http\\Request))
#21 /Users/trungphuna/Documents/work/web/khodoan/2020/laravel_thucpham/vendor/laravel/framework/src/Illuminate/Pipeline/Pipeline.php(171): RenatoMarinho\\LaravelPageSpeed\\Middleware\\PageSpeed->handle(Object(Illuminate\\Http\\Request), Object(Closure))
#22 /Users/trungphuna/Documents/work/web/khodoan/2020/laravel_thucpham/vendor/laravel/framework/src/Illuminate/Foundation/Http/Middleware/TransformsRequest.php(21): Illuminate\\Pipeline\\Pipeline->Illuminate\\Pipeline\\{closure}(Object(Illuminate\\Http\\Request))
#23 /Users/trungphuna/Documents/work/web/khodoan/2020/laravel_thucpham/vendor/laravel/framework/src/Illuminate/Pipeline/Pipeline.php(171): Illuminate\\Foundation\\Http\\Middleware\\TransformsRequest->handle(Object(Illuminate\\Http\\Request), Object(Closure))
#24 /Users/trungphuna/Documents/work/web/khodoan/2020/laravel_thucpham/vendor/laravel/framework/src/Illuminate/Foundation/Http/Middleware/TransformsRequest.php(21): Illuminate\\Pipeline\\Pipeline->Illuminate\\Pipeline\\{closure}(Object(Illuminate\\Http\\Request))
#25 /Users/trungphuna/Documents/work/web/khodoan/2020/laravel_thucpham/vendor/laravel/framework/src/Illuminate/Pipeline/Pipeline.php(171): Illuminate\\Foundation\\Http\\Middleware\\TransformsRequest->handle(Object(Illuminate\\Http\\Request), Object(Closure))
#26 /Users/trungphuna/Documents/work/web/khodoan/2020/laravel_thucpham/vendor/laravel/framework/src/Illuminate/Foundation/Http/Middleware/ValidatePostSize.php(27): Illuminate\\Pipeline\\Pipeline->Illuminate\\Pipeline\\{closure}(Object(Illuminate\\Http\\Request))
#27 /Users/trungphuna/Documents/work/web/khodoan/2020/laravel_thucpham/vendor/laravel/framework/src/Illuminate/Pipeline/Pipeline.php(171): Illuminate\\Foundation\\Http\\Middleware\\ValidatePostSize->handle(Object(Illuminate\\Http\\Request), Object(Closure))
#28 /Users/trungphuna/Documents/work/web/khodoan/2020/laravel_thucpham/vendor/laravel/framework/src/Illuminate/Foundation/Http/Middleware/CheckForMaintenanceMode.php(63): Illuminate\\Pipeline\\Pipeline->Illuminate\\Pipeline\\{closure}(Object(Illuminate\\Http\\Request))
#29 /Users/trungphuna/Documents/work/web/khodoan/2020/laravel_thucpham/vendor/laravel/framework/src/Illuminate/Pipeline/Pipeline.php(171): Illuminate\\Foundation\\Http\\Middleware\\CheckForMaintenanceMode->handle(Object(Illuminate\\Http\\Request), Object(Closure))
#30 /Users/trungphuna/Documents/work/web/khodoan/2020/laravel_thucpham/vendor/fideloper/proxy/src/TrustProxies.php(57): Illuminate\\Pipeline\\Pipeline->Illuminate\\Pipeline\\{closure}(Object(Illuminate\\Http\\Request))
#31 /Users/trungphuna/Documents/work/web/khodoan/2020/laravel_thucpham/vendor/laravel/framework/src/Illuminate/Pipeline/Pipeline.php(171): Fideloper\\Proxy\\TrustProxies->handle(Object(Illuminate\\Http\\Request), Object(Closure))
#32 /Users/trungphuna/Documents/work/web/khodoan/2020/laravel_thucpham/vendor/laravel/framework/src/Illuminate/Pipeline/Pipeline.php(105): Illuminate\\Pipeline\\Pipeline->Illuminate\\Pipeline\\{closure}(Object(Illuminate\\Http\\Request))
#33 /Users/trungphuna/Documents/work/web/khodoan/2020/laravel_thucpham/vendor/laravel/framework/src/Illuminate/Foundation/Http/Kernel.php(145): Illuminate\\Pipeline\\Pipeline->then(Object(Closure))
#34 /Users/trungphuna/Documents/work/web/khodoan/2020/laravel_thucpham/vendor/laravel/framework/src/Illuminate/Foundation/Http/Kernel.php(110): Illuminate\\Foundation\\Http\\Kernel->sendRequestThroughRouter(Object(Illuminate\\Http\\Request))
#35 /Users/trungphuna/Documents/work/web/khodoan/2020/laravel_thucpham/public/index.php(55): Illuminate\\Foundation\\Http\\Kernel->handle(Object(Illuminate\\Http\\Request))
#36 {main}
"} 
